<?xml version="1.0" encoding="UTF-8"?>
<!-- Generated by org.testng.reporters.JUnitReportReporter -->
<testsuite hostname="DESKTOP-J9RPTM9" failures="0" tests="1" name="scripting.Test3" time="0.005" errors="0" timestamp="2022-11-05T13:36:25 IST" skipped="0">
  <testcase classname="scripting.Test3" name="tc3" time="0.005"/>
  <system-out>
    <![CDATA[Hello python]]>
  </system-out>
</testsuite> <!-- scripting.Test3 -->
