<?xml version="1.0" encoding="UTF-8"?>
<!-- Generated by org.testng.reporters.JUnitReportReporter -->
<testsuite hostname="DESKTOP-J9RPTM9" failures="0" tests="1" name="scripting.Test2" time="0.010" errors="0" timestamp="2022-11-05T12:17:03 IST" skipped="0">
  <testcase classname="scripting.Test2" name="tc2" time="0.010"/>
  <system-out>
    <![CDATA[hello selenium]]>
  </system-out>
</testsuite> <!-- scripting.Test2 -->
