<?xml version="1.0" encoding="UTF-8"?>
<!-- Generated by org.testng.reporters.JUnitReportReporter -->
<testsuite hostname="DESKTOP-J9RPTM9" failures="0" tests="1" name="scripting.Test1" time="0.001" errors="0" timestamp="2022-11-05T12:17:03 IST" skipped="0">
  <testcase classname="scripting.Test1" name="tc1" time="0.001"/>
  <system-out>
    <![CDATA[hello    java]]>
  </system-out>
</testsuite> <!-- scripting.Test1 -->
